[00:18:49] [ServerMain/INFO]: [bootstrap] Running Java 21 (OpenJDK 64-Bit Server VM 21.0.6+7-Ubuntu-122.04.1; Ubuntu null) on Linux 6.8.0-54-generic (amd64)
[00:18:49] [ServerMain/INFO]: [bootstrap] Loading Paper 1.21.4-173-main@edda0db (2025-02-18T14:58:14Z) for Minecraft 1.21.4
[00:18:49] [ServerMain/INFO]: [PluginInitializerManager] Initializing plugins...
[00:18:49] [ServerMain/INFO]: [PluginInitializerManager] Initialized 0 plugins
[00:18:54] [ServerMain/INFO]: Environment: Environment[sessionHost=https://sessionserver.mojang.com, servicesHost=https://api.minecraftservices.com, name=PROD]
[00:18:56] [ServerMain/INFO]: Loaded 1370 recipes
[00:18:56] [ServerMain/INFO]: Loaded 1481 advancements
[00:18:56] [ServerMain/INFO]: [MCTypeRegistry] Initialising converters for DataConverter...
[00:18:56] [ServerMain/INFO]: [MCTypeRegistry] Finished initialising converters for DataConverter in 214.2ms
[00:18:56] [Server thread/INFO]: Starting minecraft server version 1.21.4
[00:18:56] [Server thread/INFO]: Loading properties
[00:18:56] [Server thread/INFO]: This server is running Paper version 1.21.4-173-main@edda0db (2025-02-18T14:58:14Z) (Implementing API version 1.21.4-R0.1-SNAPSHOT)
[00:18:56] [Server thread/INFO]: [spark] This server bundles the spark profiler. For more information please visit https://docs.papermc.io/paper/profiling
[00:18:56] [Server thread/INFO]: Server Ping Player Sample Count: 12
[00:18:56] [Server thread/INFO]: Using 4 threads for Netty based IO
[00:18:57] [Server thread/INFO]: [MoonriseCommon] Paper is using 2 worker threads, 1 I/O threads
[00:18:57] [Server thread/INFO]: [ChunkTaskScheduler] Chunk system is using population gen parallelism: true
[00:18:57] [Server thread/INFO]: Default game type: SURVIVAL
[00:18:57] [Server thread/INFO]: Generating keypair
[00:18:57] [Server thread/INFO]: Starting Minecraft server on *:45433
[00:18:57] [Server thread/INFO]: Using epoll channel type
[00:18:57] [Server thread/INFO]: Paper: Using libdeflate (Linux x86_64) compression from Velocity.
[00:18:57] [Server thread/INFO]: Paper: Using OpenSSL 3.x.x (Linux x86_64) cipher from Velocity.
[00:18:57] [Server thread/INFO]: Server permissions file permissions.yml is empty, ignoring it
[00:18:57] [Server thread/WARN]: **** SERVER IS RUNNING IN OFFLINE/INSECURE MODE!
[00:18:57] [Server thread/WARN]: The server will make no attempt to authenticate usernames. Beware.
[00:18:57] [Server thread/WARN]: While this makes the game possible to play without internet access, it also opens up the ability for hackers to connect with any username they choose.
[00:18:57] [Server thread/WARN]: To change this, set "online-mode" to "true" in the server.properties file.
[00:18:57] [Server thread/INFO]: Preparing level "world"
[00:18:58] [Server thread/INFO]: Preparing start region for dimension minecraft:overworld
[00:18:58] [Server thread/INFO]: Preparing spawn area: 0%
[00:18:59] [Server thread/INFO]: Preparing spawn area: 2%
[00:18:59] [Server thread/INFO]: Preparing spawn area: 2%
[00:18:59] [Server thread/INFO]: Time elapsed: 1142 ms
[00:18:59] [Server thread/INFO]: Preparing start region for dimension minecraft:the_nether
[00:18:59] [Server thread/INFO]: Preparing spawn area: 0%
[00:18:59] [Server thread/INFO]: Time elapsed: 215 ms
[00:18:59] [Server thread/INFO]: Preparing start region for dimension minecraft:the_end
[00:18:59] [Server thread/INFO]: Preparing spawn area: 0%
[00:18:59] [Server thread/INFO]: Time elapsed: 111 ms
[00:18:59] [Server thread/INFO]: [spark] Starting background profiler...
[00:19:00] [Server thread/INFO]: Done preparing level "world" (2.277s)
[00:19:00] [Server thread/INFO]: Running delayed init tasks
[00:19:00] [Server thread/INFO]: Done (11.764s)! For help, type "help"
[00:19:19] [User Authenticator #0/INFO]: UUID of player Kartik8181 is e8681a32-fa7b-3c99-9fd3-9914a083c8ea
[00:19:20] [Server thread/INFO]: Kartik8181 joined the game
[00:19:20] [Server thread/INFO]: Kartik8181[/[2401:4900:4bb0:dd0d:7000:aa44:aca4:2e8]:53199] logged in with entity id 50 at ([world]-8.389963246088774, -54.0, 148.0372001592953)
[00:20:54] [User Authenticator #1/INFO]: UUID of player AlphaGotReal is 5cfd37a7-8242-3793-ae4b-f32d29b5d24d
[00:20:54] [Server thread/INFO]: AlphaGotReal joined the game
[00:20:54] [Server thread/INFO]: AlphaGotReal[/[2409:4071:6e07:fbe2:f06e:7e4f:605a:4e35]:59852] logged in with entity id 300 at ([world]-6.676252710127616, -54.0, 148.06534171033317)
[00:23:24] [User Authenticator #2/INFO]: UUID of player anirvesh is 23baf834-02f9-315d-b2db-7a7f07afa407
[00:23:25] [Server thread/INFO]: anirvesh joined the game
[00:23:25] [Server thread/INFO]: anirvesh[/[2401:4900:63e2:55d5:3cd8:726c:d9aa:179]:49890] logged in with entity id 651 at ([world]-9.416701664444638, -54.0, 148.08209434978895)
[00:23:44] [Server thread/INFO]: anirvesh has made the advancement [We Need to Go Deeper]
[00:29:35] [Server thread/INFO]: Kartik8181 has made the advancement [Take Aim]
[00:34:07] [Server thread/INFO]: AlphaGotReal has made the advancement [We Need to Go Deeper]
[00:34:09] [Server thread/INFO]: Kartik8181 has made the advancement [We Need to Go Deeper]
[00:34:53] [Server thread/INFO]: anirvesh lost connection: Disconnected
[00:34:53] [Server thread/INFO]: anirvesh left the game
[00:35:35] [Server thread/INFO]: AlphaGotReal has completed the challenge [Return to Sender]
[00:39:25] [Async Chat Thread - #0/INFO]: [Not Secure] <AlphaGotReal> 74 -34
[00:46:37] [User Authenticator #3/INFO]: UUID of player anirvesh is 23baf834-02f9-315d-b2db-7a7f07afa407
[00:46:38] [Server thread/INFO]: anirvesh joined the game
[00:46:38] [Server thread/INFO]: anirvesh[/[2401:4900:63e2:55d5:ad05:f086:7b21:4e66]:50373] logged in with entity id 3532 at ([world]-9.568846553233657, -54.0, 151.64166677296882)
[00:57:39] [Server thread/INFO]: AlphaGotReal issued server command: /rps
[00:57:40] [Server thread/INFO]: AlphaGotReal issued server command: /tps
[01:01:38] [Server thread/INFO]: AlphaGotReal has made the advancement [Take Aim]
[01:03:56] [Server thread/INFO]: AlphaGotReal has made the advancement [Who is Cutting Onions?]
[01:05:16] [Server thread/INFO]: anirvesh has made the advancement [A Terrible Fortress]
[01:05:42] [Server thread/INFO]: Kartik8181 has made the advancement [A Terrible Fortress]
[01:06:55] [Server thread/INFO]: AlphaGotReal has made the advancement [A Terrible Fortress]
[01:08:00] [Server thread/INFO]: Kartik8181 has made the advancement [Into Fire]
[01:10:19] [Server thread/INFO]: AlphaGotReal has made the advancement [Into Fire]
[01:14:01] [Server thread/INFO]: anirvesh has made the advancement [Into Fire]
[01:15:55] [Async Chat Thread - #1/INFO]: [Not Secure] <AlphaGotReal> 111 -61
[01:17:22] [Server thread/INFO]: AlphaGotReal has made the advancement [Ice Bucket Challenge]
[01:20:34] [Server thread/INFO]: Kartik8181 has made the advancement [Ice Bucket Challenge]
[01:21:35] [Server thread/WARN]: Can't keep up! Is the server overloaded? Running 4921ms or 98 ticks behind
[01:21:41] [Server thread/INFO]: AlphaGotReal issued server command: /tps
[01:22:33] [Server thread/INFO]: AlphaGotReal issued server command: /tps
[01:26:15] [Server thread/INFO]: AlphaGotReal issued server command: /tps
[01:27:06] [Server thread/INFO]: anirvesh issued server command: /seed
[01:27:15] [Server thread/INFO]: AlphaGotReal has made the advancement [Best Friends Forever]
[01:27:44] [Server thread/INFO]: Kartik8181 has made the advancement [Best Friends Forever]
[01:32:39] [Async Chat Thread - #3/INFO]: [Not Secure] <AlphaGotReal> 1362 -4827
[01:33:50] [Server thread/INFO]: anirvesh has made the advancement [Best Friends Forever]
[01:37:40] [Async Chat Thread - #5/INFO]: [Not Secure] <AlphaGotReal> 1393 -4950
[01:39:20] [Async Chat Thread - #7/INFO]: [Not Secure] <AlphaGotReal> sleep
[01:39:30] [Async Chat Thread - #7/INFO]: [Not Secure] <AlphaGotReal> sleep
[01:40:54] [Server thread/INFO]: Kartik8181 lost connection: Disconnected
[01:40:54] [Server thread/INFO]: Kartik8181 left the game
[01:41:09] [Async Chat Thread - #9/INFO]: [Not Secure] <anirvesh> sleep
[01:41:10] [Async Chat Thread - #9/INFO]: [Not Secure] <anirvesh> sleep
[01:41:11] [Async Chat Thread - #9/INFO]: [Not Secure] <anirvesh> sleep
[01:41:11] [Async Chat Thread - #9/INFO]: [Not Secure] <anirvesh> sleep
[01:41:12] [Async Chat Thread - #9/INFO]: [Not Secure] <anirvesh> sleep
[01:41:14] [Async Chat Thread - #9/INFO]: [Not Secure] <anirvesh> sleep
[01:41:16] [Async Chat Thread - #9/INFO]: [Not Secure] <AlphaGotReal> sleep
[01:41:32] [User Authenticator #4/INFO]: UUID of player Kartik8181 is e8681a32-fa7b-3c99-9fd3-9914a083c8ea
[01:41:34] [Server thread/INFO]: Kartik8181 joined the game
[01:41:34] [Server thread/INFO]: Kartik8181[/[2401:4900:4bb0:dd0d:7000:aa44:aca4:2e8]:53347] logged in with entity id 12961 at ([world]1279.1003670613472, 91.0, -5117.699999988079)
[01:44:35] [Async Chat Thread - #11/INFO]: [Not Secure] <AlphaGotReal> sleep
[01:44:43] [Server thread/INFO]: Kartik8181 lost connection: Disconnected
[01:44:43] [Server thread/INFO]: Kartik8181 left the game
[01:45:05] [User Authenticator #5/INFO]: UUID of player Kartik8181 is e8681a32-fa7b-3c99-9fd3-9914a083c8ea
[01:45:05] [Server thread/INFO]: Kartik8181 joined the game
[01:45:05] [Server thread/INFO]: Kartik8181[/[2401:4900:4bb0:dd0d:7000:aa44:aca4:2e8]:53373] logged in with entity id 13494 at ([world]1280.3567958120072, 91.0, -5119.529610994451)
[01:45:12] [Server thread/INFO]: anirvesh issued server command: /gamemode
[01:55:56] [Server thread/INFO]: Kartik8181 has made the advancement [A Seedy Place]
[01:59:17] [Server thread/INFO]: anirvesh lost connection: Disconnected
[01:59:17] [Server thread/INFO]: anirvesh left the game
[01:59:44] [Server thread/INFO]: Kartik8181 lost connection: Disconnected
[01:59:44] [Server thread/INFO]: Kartik8181 left the game
[02:00:21] [Server thread/INFO]: AlphaGotReal has made the advancement [Local Brewery]
[02:00:31] [Server thread/INFO]: AlphaGotReal lost connection: Disconnected
[02:00:31] [Server thread/INFO]: AlphaGotReal left the game
[02:00:36] [Server thread/INFO]: Stopping the server
[02:00:36] [Server thread/INFO]: Stopping server
[02:00:36] [Server thread/INFO]: Saving players
[02:00:36] [Server thread/INFO]: Saving worlds
[02:00:36] [Server thread/INFO]: Saving chunks for level 'ServerLevel[world]'/minecraft:overworld
[02:00:36] [Server thread/INFO]: [ChunkHolderManager] Waiting 60s for chunk system to halt for world 'world'
[02:00:36] [Server thread/INFO]: [ChunkHolderManager] Halted chunk system for world 'world'
[02:00:36] [Server thread/INFO]: [ChunkHolderManager] Saving all chunkholders for world 'world'
[02:00:36] [Server thread/INFO]: [ChunkHolderManager] Saved 611 block chunks, 374 entity chunks, 6 poi chunks in world 'world' in 0.42s
[02:00:36] [Server thread/INFO]: [ChunkHolderManager] Waiting 60s for chunk I/O to halt for world 'world'
[02:00:36] [Server thread/INFO]: [ChunkHolderManager] Halted I/O scheduler for world 'world'
[02:00:36] [Server thread/INFO]: Saving chunks for level 'ServerLevel[world_nether]'/minecraft:the_nether
[02:00:36] [Server thread/INFO]: [ChunkHolderManager] Waiting 60s for chunk system to halt for world 'world_nether'
[02:00:36] [Server thread/INFO]: [ChunkHolderManager] Halted chunk system for world 'world_nether'
[02:00:36] [Server thread/INFO]: [ChunkHolderManager] Saving all chunkholders for world 'world_nether'
[02:00:36] [Server thread/INFO]: [ChunkHolderManager] Saved 31 block chunks, 31 entity chunks, 0 poi chunks in world 'world_nether' in 0.03s
[02:00:36] [Server thread/INFO]: [ChunkHolderManager] Waiting 60s for chunk I/O to halt for world 'world_nether'
[02:00:36] [Server thread/INFO]: [ChunkHolderManager] Halted I/O scheduler for world 'world_nether'
[02:00:36] [Server thread/INFO]: Saving chunks for level 'ServerLevel[world_the_end]'/minecraft:the_end
[02:00:36] [Server thread/INFO]: [ChunkHolderManager] Waiting 60s for chunk system to halt for world 'world_the_end'
[02:00:36] [Server thread/INFO]: [ChunkHolderManager] Halted chunk system for world 'world_the_end'
[02:00:36] [Server thread/INFO]: [ChunkHolderManager] Saving all chunkholders for world 'world_the_end'
[02:00:36] [Server thread/INFO]: [ChunkHolderManager] Saved 0 block chunks, 10 entity chunks, 0 poi chunks in world 'world_the_end' in 0.00s
[02:00:36] [Server thread/INFO]: [ChunkHolderManager] Waiting 60s for chunk I/O to halt for world 'world_the_end'
[02:00:36] [Server thread/INFO]: [ChunkHolderManager] Halted I/O scheduler for world 'world_the_end'
[02:00:36] [Server thread/INFO]: ThreadedAnvilChunkStorage (world): All chunks are saved
[02:00:36] [Server thread/INFO]: ThreadedAnvilChunkStorage (DIM-1): All chunks are saved
[02:00:36] [Server thread/INFO]: ThreadedAnvilChunkStorage (DIM1): All chunks are saved
[02:00:36] [Server thread/INFO]: ThreadedAnvilChunkStorage: All dimensions are saved
[02:00:36] [Server thread/INFO]: Waiting for I/O tasks to complete...
[02:00:36] [Server thread/INFO]: All I/O tasks to complete
[02:00:36] [Server thread/INFO]: [MoonriseCommon] Awaiting termination of worker pool for up to 60s...
[02:00:36] [Server thread/INFO]: [MoonriseCommon] Awaiting termination of I/O pool for up to 60s...
